\BOOKMARK [1][-]{section.1}{\376\377\0001\000\040\000I\000n\000t\000r\000o\000d\000u\000c\000t\000i\000o\000n}{}% 1
\BOOKMARK [1][-]{section.2}{\376\377\0002\000\040\000M\000o\000t\000i\000v\000a\000t\000i\000o\000n}{}% 2
\BOOKMARK [1][-]{section.3}{\376\377\0003\000\040\000D\000i\000s\000c\000a\000r\000d\000e\000d\000\040\000d\000e\000f\000i\000n\000i\000t\000i\000o\000n\000s\000\040\000o\000f\000\040\000r\000e\000l\000e\000v\000a\000n\000c\000e}{}% 3
\BOOKMARK [2][-]{subsection.3.1}{\376\377\0003\000.\0001\000\040\000T\000h\000e\000\040\000r\000e\000s\000t\000r\000i\000c\000t\000i\000v\000e\000-\000a\000s\000s\000u\000m\000e\000\040\000c\000h\000e\000c\000k}{section.3}% 4
\BOOKMARK [2][-]{subsection.3.2}{\376\377\0003\000.\0002\000\040\000T\000h\000e\000\040\000b\000l\000o\000c\000k\000i\000n\000g\000-\000e\000x\000e\000c\000u\000t\000i\000o\000n\000s\000\040\000c\000h\000e\000c\000k}{section.3}% 5
\BOOKMARK [1][-]{section.4}{\376\377\0004\000\040\000A\000l\000g\000o\000r\000i\000t\000h\000m\000i\000c\000\040\000m\000o\000d\000i\000f\000i\000c\000a\000t\000i\000o\000n}{}% 6
\BOOKMARK [1][-]{section.5}{\376\377\0005\000\040\000F\000i\000n\000a\000l\000\040\000v\000e\000r\000s\000i\000o\000n\000\040\000o\000f\000\040\000R\000e\000l\000e\000v\000a\000n\000c\000e}{}% 7
\BOOKMARK [2][-]{subsection.5.1}{\376\377\0005\000.\0001\000\040\000I\000n\000t\000r\000o\000d\000u\000c\000t\000i\000o\000n}{section.5}% 8
\BOOKMARK [2][-]{subsection.5.2}{\376\377\0005\000.\0002\000\040\000F\000o\000r\000m\000a\000l\000\040\000d\000e\000f\000i\000n\000i\000t\000i\000o\000n}{section.5}% 9
\BOOKMARK [2][-]{subsection.5.3}{\376\377\0005\000.\0003\000\040\000E\000x\000a\000m\000p\000l\000e\000s}{section.5}% 10
\BOOKMARK [1][-]{section.6}{\376\377\0006\000\040\000P\000o\000s\000s\000i\000b\000l\000y\000\040\000c\000o\000u\000n\000t\000e\000r\000-\000i\000n\000t\000u\000i\000t\000i\000v\000e\000\040\000c\000a\000s\000e\000s}{}% 11
\BOOKMARK [2][-]{subsection.6.1}{\376\377\0006\000.\0001\000\040\000T\000w\000o\000-\000h\000a\000v\000o\000c\000\040\000c\000a\000s\000e}{section.6}% 12
\BOOKMARK [2][-]{subsection.6.2}{\376\377\0006\000.\0002\000\040\000R\000e\000l\000e\000v\000a\000n\000t\000-\000h\000a\000v\000o\000c\000\040\000c\000a\000s\000e}{section.6}% 13
\BOOKMARK [2][-]{subsection.6.3}{\376\377\0006\000.\0003\000\040\000T\000w\000o\000-\000a\000s\000s\000i\000g\000n\000m\000e\000n\000t\000\040\000c\000a\000s\000e}{section.6}% 14
\BOOKMARK [1][-]{section.7}{\376\377\0007\000\040\000K\000n\000o\000w\000n\000\040\000p\000r\000o\000b\000l\000e\000m\000s}{}% 15
\BOOKMARK [1][-]{section.8}{\376\377\0008\000\040\000C\000o\000m\000p\000a\000r\000i\000s\000o\000n\000\040\000w\000i\000t\000h\000\040\000o\000t\000h\000e\000r\000\040\000a\000p\000p\000r\000o\000a\000c\000h\000e\000s}{}% 16
\BOOKMARK [2][-]{subsection.8.1}{\376\377\0008\000.\0001\000\040\000E\000r\000r\000o\000r\000\040\000I\000n\000v\000a\000r\000i\000a\000n\000t\000s}{section.8}% 17
\BOOKMARK [2][-]{subsection.8.2}{\376\377\0008\000.\0002\000\040\000F\000l\000o\000w\000\040\000S\000e\000n\000s\000i\000t\000i\000v\000e\000\040\000F\000a\000u\000l\000t\000\040\000l\000o\000c\000a\000l\000i\000z\000a\000t\000i\000o\000n}{section.8}% 18
\BOOKMARK [1][-]{section.9}{\376\377\0009\000\040\000F\000u\000t\000u\000r\000e\000\040\000w\000o\000r\000k}{}% 19
\BOOKMARK [2][-]{subsection.9.1}{\376\377\0009\000.\0001\000\040\000C\000a\000l\000l\000/\000R\000e\000t\000u\000r\000n\000\040\000s\000t\000a\000t\000e\000m\000e\000n\000t\000s}{section.9}% 20
\BOOKMARK [2][-]{subsection.9.2}{\376\377\0009\000.\0002\000\040\000S\000e\000c\000u\000r\000i\000t\000y\000\040\000A\000n\000a\000l\000y\000s\000i\000s}{section.9}% 21
\BOOKMARK [1][-]{section*.2}{\376\377\000R\000e\000f\000e\000r\000e\000n\000c\000e\000s}{}% 22
